Determining if the pthread_create exist failed with the following output:
Change Dir: /home/xingrongda/code/cmake/lidertest/build/CMakeFiles/CMakeTmp

Run Build Command:"/usr/bin/make" "cmTC_36183/fast"
/usr/bin/make -f CMakeFiles/cmTC_36183.dir/build.make CMakeFiles/cmTC_36183.dir/build
make[1]: Entering directory '/home/xingrongda/code/cmake/lidertest/build/CMakeFiles/CMakeTmp'
Building C object CMakeFiles/cmTC_36183.dir/CheckSymbolExists.c.o
/usr/bin/cc    -o CMakeFiles/cmTC_36183.dir/CheckSymbolExists.c.o   -c /home/xingrongda/code/cmake/lidertest/build/CMakeFiles/CMakeTmp/CheckSymbolExists.c
Linking C executable cmTC_36183
/usr/bin/cmake -E cmake_link_script CMakeFiles/cmTC_36183.dir/link.txt --verbose=1
/usr/bin/cc      -rdynamic CMakeFiles/cmTC_36183.dir/CheckSymbolExists.c.o  -o cmTC_36183 
CMakeFiles/cmTC_36183.dir/CheckSymbolExists.c.o: In function `main':
CheckSymbolExists.c:(.text+0x1b): undefined reference to `pthread_create'
collect2: error: ld returned 1 exit status
CMakeFiles/cmTC_36183.dir/build.make:97: recipe for target 'cmTC_36183' failed
make[1]: *** [cmTC_36183] Error 1
make[1]: Leaving directory '/home/xingrongda/code/cmake/lidertest/build/CMakeFiles/CMakeTmp'
Makefile:126: recipe for target 'cmTC_36183/fast' failed
make: *** [cmTC_36183/fast] Error 2

File /home/xingrongda/code/cmake/lidertest/build/CMakeFiles/CMakeTmp/CheckSymbolExists.c:
/* */
#include <pthread.h>

int main(int argc, char** argv)
{
  (void)argv;
#ifndef pthread_create
  return ((int*)(&pthread_create))[argc];
#else
  (void)argc;
  return 0;
#endif
}

Determining if the function pthread_create exists in the pthreads failed with the following output:
Change Dir: /home/xingrongda/code/cmake/lidertest/build/CMakeFiles/CMakeTmp

Run Build Command:"/usr/bin/make" "cmTC_1be9a/fast"
/usr/bin/make -f CMakeFiles/cmTC_1be9a.dir/build.make CMakeFiles/cmTC_1be9a.dir/build
make[1]: Entering directory '/home/xingrongda/code/cmake/lidertest/build/CMakeFiles/CMakeTmp'
Building C object CMakeFiles/cmTC_1be9a.dir/CheckFunctionExists.c.o
/usr/bin/cc   -DCHECK_FUNCTION_EXISTS=pthread_create   -o CMakeFiles/cmTC_1be9a.dir/CheckFunctionExists.c.o   -c /usr/share/cmake-3.10/Modules/CheckFunctionExists.c
Linking C executable cmTC_1be9a
/usr/bin/cmake -E cmake_link_script CMakeFiles/cmTC_1be9a.dir/link.txt --verbose=1
/usr/bin/cc  -DCHECK_FUNCTION_EXISTS=pthread_create    -rdynamic CMakeFiles/cmTC_1be9a.dir/CheckFunctionExists.c.o  -o cmTC_1be9a -lpthreads 
/usr/bin/ld: cannot find -lpthreads
collect2: error: ld returned 1 exit status
CMakeFiles/cmTC_1be9a.dir/build.make:97: recipe for target 'cmTC_1be9a' failed
make[1]: *** [cmTC_1be9a] Error 1
make[1]: Leaving directory '/home/xingrongda/code/cmake/lidertest/build/CMakeFiles/CMakeTmp'
Makefile:126: recipe for target 'cmTC_1be9a/fast' failed
make: *** [cmTC_1be9a/fast] Error 2


